[debug] [2021-09-09T17:14:15.815Z] ----------------------------------------------------------------------
[debug] [2021-09-09T17:14:15.819Z] Command:       C:\Program Files\nodejs\node.exe C:\Users\maruf\AppData\Roaming\npm\node_modules\firebase-tools\lib\bin\firebase.js emulators:start
[debug] [2021-09-09T17:14:15.819Z] CLI Version:   9.16.6
[debug] [2021-09-09T17:14:15.819Z] Platform:      win32
[debug] [2021-09-09T17:14:15.819Z] Node Version:  v14.16.1
[debug] [2021-09-09T17:14:15.821Z] Time:          Thu Sep 09 2021 23:14:15 GMT+0600 (Bangladesh Standard Time)
[debug] [2021-09-09T17:14:15.821Z] ----------------------------------------------------------------------
[debug] 
[debug] [2021-09-09T17:14:15.908Z] > command requires scopes: ["email","openid","https://www.googleapis.com/auth/cloudplatformprojects.readonly","https://www.googleapis.com/auth/firebase","https://www.googleapis.com/auth/cloud-platform"]
[debug] [2021-09-09T17:14:15.909Z] > authorizing via signed-in user (maruf84210cse@gmail.com)
[info] i  emulators: Starting emulators: functions, hosting {"metadata":{"emulator":{"name":"hub"},"message":"Starting emulators: functions, hosting"}}
[warn] !  emulators: It seems that you are running multiple instances of the emulator suite for project clone-with-react-9eb74. This may result in unexpected behavior. 
[debug] [2021-09-09T17:14:15.941Z] [hub] writing locator at C:\Users\maruf\AppData\Local\Temp\hub-clone-with-react-9eb74.json
[warn] !  functions: The following emulators are not running, calls to these services from the Functions emulator will affect production: auth, firestore, database, pubsub, storage {"metadata":{"emulator":{"name":"functions"},"message":"The following emulators are not running, calls to these services from the Functions emulator will affect production: \u001b[1mauth, firestore, database, pubsub, storage\u001b[22m"}}
[info] +  functions: Using node@14 from host. {"metadata":{"emulator":{"name":"functions"},"message":"Using node@14 from host."}}
[debug] [2021-09-09T17:14:15.990Z] defaultcredentials: writing to file C:\Users\maruf\AppData\Roaming\firebase\maruf84210cse_gmail_com_application_default_credentials.json
[debug] [2021-09-09T17:14:15.993Z] Setting GAC to C:\Users\maruf\AppData\Roaming\firebase\maruf84210cse_gmail_com_application_default_credentials.json {"metadata":{"emulator":{"name":"functions"},"message":"Setting GAC to C:\\Users\\maruf\\AppData\\Roaming\\firebase\\maruf84210cse_gmail_com_application_default_credentials.json"}}
[debug] [2021-09-09T17:14:15.996Z] >>> [apiv2][query] GET https://firebase.googleapis.com/v1beta1/projects/clone-with-react-9eb74/adminSdkConfig [none]
[debug] [2021-09-09T17:14:16.742Z] <<< [apiv2][status] GET https://firebase.googleapis.com/v1beta1/projects/clone-with-react-9eb74/adminSdkConfig 200
[debug] [2021-09-09T17:14:16.743Z] <<< [apiv2][body] GET https://firebase.googleapis.com/v1beta1/projects/clone-with-react-9eb74/adminSdkConfig {"projectId":"clone-with-react-9eb74","storageBucket":"clone-with-react-9eb74.appspot.com"}
[debug] [2021-09-09T17:14:16.766Z] >>> [apiv2][query] GET https://firebasehosting.googleapis.com/v1beta1/projects/clone-with-react-9eb74/sites 
[debug] [2021-09-09T17:14:18.532Z] <<< [apiv2][status] GET https://firebasehosting.googleapis.com/v1beta1/projects/clone-with-react-9eb74/sites 200
[debug] [2021-09-09T17:14:18.533Z] <<< [apiv2][body] GET https://firebasehosting.googleapis.com/v1beta1/projects/clone-with-react-9eb74/sites {"sites":[{"name":"projects/358928003058/sites/clone-with-react-9eb74","defaultUrl":"https://clone-with-react-9eb74.web.app","appId":"1:358928003058:web:96dd9b5c62770c10d6c56b","type":"DEFAULT_SITE"}]}
[debug] [2021-09-09T17:14:18.534Z] >>> [apiv2][query] GET https://firebase.googleapis.com/v1beta1/projects/clone-with-react-9eb74/webApps/1:358928003058:web:96dd9b5c62770c10d6c56b/config [none]
[debug] [2021-09-09T17:14:20.112Z] <<< [apiv2][status] GET https://firebase.googleapis.com/v1beta1/projects/clone-with-react-9eb74/webApps/1:358928003058:web:96dd9b5c62770c10d6c56b/config 200
[debug] [2021-09-09T17:14:20.112Z] <<< [apiv2][body] GET https://firebase.googleapis.com/v1beta1/projects/clone-with-react-9eb74/webApps/1:358928003058:web:96dd9b5c62770c10d6c56b/config {"projectId":"clone-with-react-9eb74","appId":"1:358928003058:web:96dd9b5c62770c10d6c56b","storageBucket":"clone-with-react-9eb74.appspot.com","apiKey":"AIzaSyCbVDBDmzwlg-VKxkbao9NaeVRKxbKSHyA","authDomain":"clone-with-react-9eb74.firebaseapp.com","messagingSenderId":"358928003058","measurementId":"G-7BT5V5SZ3S"}
[info] i  hosting: Serving hosting files from: build {"metadata":{"emulator":{"name":"hosting"},"message":"Serving hosting files from: \u001b[1mbuild\u001b[22m"}}
[info] +  hosting: Local server: http://localhost:5000 {"metadata":{"emulator":{"name":"hosting"},"message":"Local server: \u001b[4m\u001b[1mhttp://localhost:5000\u001b[22m\u001b[24m"}}
[warn] !  ui: Emulator UI unable to start on port 4000, starting on 4002 instead. {"metadata":{"emulator":{"name":"ui"},"message":"Emulator UI unable to start on port 4000, starting on 4002 instead."}}
[debug] [2021-09-09T17:14:20.199Z] Ignoring unsupported arg: auto_download {"metadata":{"emulator":{"name":"ui"},"message":"Ignoring unsupported arg: auto_download"}}
[debug] [2021-09-09T17:14:20.199Z] Ignoring unsupported arg: port {"metadata":{"emulator":{"name":"ui"},"message":"Ignoring unsupported arg: port"}}
[debug] [2021-09-09T17:14:20.200Z] Starting Emulator UI with command {"binary":"node","args":["C:\\Users\\maruf\\.cache\\firebase\\emulators\\ui-v1.6.2\\server.bundle.js"],"optionalArgs":[],"joinArgs":false} {"metadata":{"emulator":{"name":"ui"},"message":"Starting Emulator UI with command {\"binary\":\"node\",\"args\":[\"C:\\\\Users\\\\maruf\\\\.cache\\\\firebase\\\\emulators\\\\ui-v1.6.2\\\\server.bundle.js\"],\"optionalArgs\":[],\"joinArgs\":false}"}}
[info] i  ui: Emulator UI logging to ui-debug.log {"metadata":{"emulator":{"name":"ui"},"message":"Emulator UI logging to \u001b[1mui-debug.log\u001b[22m"}}
[debug] [2021-09-09T17:14:20.361Z] Web / API server started at localhost:4002
 {"metadata":{"emulator":{"name":"ui"},"message":"Web / API server started at localhost:4002\n"}}
[info] i  functions: Watching "C:\Users\maruf\Desktop\Coding Life\react\amazon-clone-with-react\functions" for Cloud Functions... {"metadata":{"emulator":{"name":"functions"},"message":"Watching \"C:\\Users\\maruf\\Desktop\\Coding Life\\react\\amazon-clone-with-react\\functions\" for Cloud Functions..."}}
[debug] [2021-09-09T17:14:20.502Z] [worker-pool] addWorker(~diagnostic~) {"metadata":{"emulator":{"name":"functions"},"message":"[worker-pool] addWorker(~diagnostic~)"}}
[debug] [2021-09-09T17:14:20.502Z] [worker-pool] Adding worker with key ~diagnostic~, total=1 {"metadata":{"emulator":{"name":"functions"},"message":"[worker-pool] Adding worker with key ~diagnostic~, total=1"}}
[debug] [2021-09-09T17:14:20.503Z] [worker-pool] submitWork(triggerId=) {"metadata":{"emulator":{"name":"functions"},"message":"[worker-pool] submitWork(triggerId=)"}}
[debug] [2021-09-09T17:14:20.504Z] [worker-~diagnostic~-f07437ef-e62a-4e11-ba76-2d62269e973a]: Assigning socketPath: \\?\pipe\C:\Users\maruf\Desktop\Coding Life\react\amazon-clone-with-react\functions\3096 {"metadata":{"emulator":{"name":"functions"},"message":"[worker-~diagnostic~-f07437ef-e62a-4e11-ba76-2d62269e973a]: Assigning socketPath: \\\\?\\pipe\\C:\\Users\\maruf\\Desktop\\Coding Life\\react\\amazon-clone-with-react\\functions\\3096"}}
[debug] [2021-09-09T17:14:20.504Z] [worker-~diagnostic~-f07437ef-e62a-4e11-ba76-2d62269e973a]: BUSY {"metadata":{"emulator":{"name":"functions"},"message":"[worker-~diagnostic~-f07437ef-e62a-4e11-ba76-2d62269e973a]: BUSY"}}
[debug] [2021-09-09T17:14:21.104Z] [runtime-status] [3096] Functions runtime initialized. {"cwd":"C:\\Users\\maruf\\Desktop\\Coding Life\\react\\amazon-clone-with-react\\functions","node_version":"14.16.1"} {"metadata":{"emulator":{"name":"functions"},"message":"[runtime-status] [3096] Functions runtime initialized. {\"cwd\":\"C:\\\\Users\\\\maruf\\\\Desktop\\\\Coding Life\\\\react\\\\amazon-clone-with-react\\\\functions\",\"node_version\":\"14.16.1\"}"}}
[debug] [2021-09-09T17:14:21.109Z] [runtime-status] [3096] Disabled runtime features: undefined {"metadata":{"emulator":{"name":"functions"},"message":"[runtime-status] [3096] Disabled runtime features: undefined"}}
[debug] [2021-09-09T17:14:21.116Z] [runtime-status] [3096] Resolved module firebase-admin {"declared":true,"installed":true,"version":"9.11.1","resolution":"C:\\Users\\maruf\\Desktop\\Coding Life\\react\\amazon-clone-with-react\\functions\\node_modules\\firebase-admin\\lib\\index.js"} {"metadata":{"emulator":{"name":"functions"},"message":"[runtime-status] [3096] Resolved module firebase-admin {\"declared\":true,\"installed\":true,\"version\":\"9.11.1\",\"resolution\":\"C:\\\\Users\\\\maruf\\\\Desktop\\\\Coding Life\\\\react\\\\amazon-clone-with-react\\\\functions\\\\node_modules\\\\firebase-admin\\\\lib\\\\index.js\"}"}}
[debug] [2021-09-09T17:14:21.124Z] [runtime-status] [3096] Resolved module firebase-functions {"declared":true,"installed":true,"version":"3.15.4","resolution":"C:\\Users\\maruf\\Desktop\\Coding Life\\react\\amazon-clone-with-react\\functions\\node_modules\\firebase-functions\\lib\\index.js"} {"metadata":{"emulator":{"name":"functions"},"message":"[runtime-status] [3096] Resolved module firebase-functions {\"declared\":true,\"installed\":true,\"version\":\"3.15.4\",\"resolution\":\"C:\\\\Users\\\\maruf\\\\Desktop\\\\Coding Life\\\\react\\\\amazon-clone-with-react\\\\functions\\\\node_modules\\\\firebase-functions\\\\lib\\\\index.js\"}"}}
[debug] [2021-09-09T17:14:21.129Z] [runtime-status] [3096] Resolved module firebase-functions {"declared":true,"installed":true,"version":"3.15.4","resolution":"C:\\Users\\maruf\\Desktop\\Coding Life\\react\\amazon-clone-with-react\\functions\\node_modules\\firebase-functions\\lib\\index.js"} {"metadata":{"emulator":{"name":"functions"},"message":"[runtime-status] [3096] Resolved module firebase-functions {\"declared\":true,\"installed\":true,\"version\":\"3.15.4\",\"resolution\":\"C:\\\\Users\\\\maruf\\\\Desktop\\\\Coding Life\\\\react\\\\amazon-clone-with-react\\\\functions\\\\node_modules\\\\firebase-functions\\\\lib\\\\index.js\"}"}}
[debug] [2021-09-09T17:14:21.132Z] [runtime-status] [3096] Outgoing network have been stubbed. [{"name":"http","status":"mocked"},{"name":"http","status":"mocked"},{"name":"https","status":"mocked"},{"name":"https","status":"mocked"},{"name":"net","status":"mocked"}] {"metadata":{"emulator":{"name":"functions"},"message":"[runtime-status] [3096] Outgoing network have been stubbed. [{\"name\":\"http\",\"status\":\"mocked\"},{\"name\":\"http\",\"status\":\"mocked\"},{\"name\":\"https\",\"status\":\"mocked\"},{\"name\":\"https\",\"status\":\"mocked\"},{\"name\":\"net\",\"status\":\"mocked\"}]"}}
[debug] [2021-09-09T17:14:21.133Z] [runtime-status] [3096] Resolved module firebase-functions {"declared":true,"installed":true,"version":"3.15.4","resolution":"C:\\Users\\maruf\\Desktop\\Coding Life\\react\\amazon-clone-with-react\\functions\\node_modules\\firebase-functions\\lib\\index.js"} {"metadata":{"emulator":{"name":"functions"},"message":"[runtime-status] [3096] Resolved module firebase-functions {\"declared\":true,\"installed\":true,\"version\":\"3.15.4\",\"resolution\":\"C:\\\\Users\\\\maruf\\\\Desktop\\\\Coding Life\\\\react\\\\amazon-clone-with-react\\\\functions\\\\node_modules\\\\firebase-functions\\\\lib\\\\index.js\"}"}}
[debug] [2021-09-09T17:14:21.201Z] [runtime-status] [3096] Checked functions.config() {"config":{}} {"metadata":{"emulator":{"name":"functions"},"message":"[runtime-status] [3096] Checked functions.config() {\"config\":{}}"}}
[debug] [2021-09-09T17:14:21.201Z] [runtime-status] [3096] firebase-functions has been stubbed. {"functionsResolution":{"declared":true,"installed":true,"version":"3.15.4","resolution":"C:\\Users\\maruf\\Desktop\\Coding Life\\react\\amazon-clone-with-react\\functions\\node_modules\\firebase-functions\\lib\\index.js"}} {"metadata":{"emulator":{"name":"functions"},"message":"[runtime-status] [3096] firebase-functions has been stubbed. {\"functionsResolution\":{\"declared\":true,\"installed\":true,\"version\":\"3.15.4\",\"resolution\":\"C:\\\\Users\\\\maruf\\\\Desktop\\\\Coding Life\\\\react\\\\amazon-clone-with-react\\\\functions\\\\node_modules\\\\firebase-functions\\\\lib\\\\index.js\"}}"}}
[debug] [2021-09-09T17:14:21.202Z] [runtime-status] [3096] Resolved module firebase-functions {"declared":true,"installed":true,"version":"3.15.4","resolution":"C:\\Users\\maruf\\Desktop\\Coding Life\\react\\amazon-clone-with-react\\functions\\node_modules\\firebase-functions\\lib\\index.js"} {"metadata":{"emulator":{"name":"functions"},"message":"[runtime-status] [3096] Resolved module firebase-functions {\"declared\":true,\"installed\":true,\"version\":\"3.15.4\",\"resolution\":\"C:\\\\Users\\\\maruf\\\\Desktop\\\\Coding Life\\\\react\\\\amazon-clone-with-react\\\\functions\\\\node_modules\\\\firebase-functions\\\\lib\\\\index.js\"}"}}
[debug] [2021-09-09T17:14:21.205Z] [runtime-status] [3096] Resolved module firebase-admin {"declared":true,"installed":true,"version":"9.11.1","resolution":"C:\\Users\\maruf\\Desktop\\Coding Life\\react\\amazon-clone-with-react\\functions\\node_modules\\firebase-admin\\lib\\index.js"} {"metadata":{"emulator":{"name":"functions"},"message":"[runtime-status] [3096] Resolved module firebase-admin {\"declared\":true,\"installed\":true,\"version\":\"9.11.1\",\"resolution\":\"C:\\\\Users\\\\maruf\\\\Desktop\\\\Coding Life\\\\react\\\\amazon-clone-with-react\\\\functions\\\\node_modules\\\\firebase-admin\\\\lib\\\\index.js\"}"}}
[debug] [2021-09-09T17:14:21.206Z] [runtime-status] [3096] Resolved module firebase-functions {"declared":true,"installed":true,"version":"3.15.4","resolution":"C:\\Users\\maruf\\Desktop\\Coding Life\\react\\amazon-clone-with-react\\functions\\node_modules\\firebase-functions\\lib\\index.js"} {"metadata":{"emulator":{"name":"functions"},"message":"[runtime-status] [3096] Resolved module firebase-functions {\"declared\":true,\"installed\":true,\"version\":\"3.15.4\",\"resolution\":\"C:\\\\Users\\\\maruf\\\\Desktop\\\\Coding Life\\\\react\\\\amazon-clone-with-react\\\\functions\\\\node_modules\\\\firebase-functions\\\\lib\\\\index.js\"}"}}
[debug] [2021-09-09T17:14:21.207Z] [runtime-status] [3096] firebase-admin has been stubbed. {"adminResolution":{"declared":true,"installed":true,"version":"9.11.1","resolution":"C:\\Users\\maruf\\Desktop\\Coding Life\\react\\amazon-clone-with-react\\functions\\node_modules\\firebase-admin\\lib\\index.js"}} {"metadata":{"emulator":{"name":"functions"},"message":"[runtime-status] [3096] firebase-admin has been stubbed. {\"adminResolution\":{\"declared\":true,\"installed\":true,\"version\":\"9.11.1\",\"resolution\":\"C:\\\\Users\\\\maruf\\\\Desktop\\\\Coding Life\\\\react\\\\amazon-clone-with-react\\\\functions\\\\node_modules\\\\firebase-admin\\\\lib\\\\index.js\"}}"}}
[info] +  functions[us-central1-api]: http function initialized (http://localhost:5001/clone-with-react-9eb74/us-central1/api). {"metadata":{"emulator":{"name":"functions"},"message":"\u001b[1mhttp\u001b[22m function initialized (http://localhost:5001/clone-with-react-9eb74/us-central1/api)."}}
[info] 
┌─────────────────────────────────────────────────────────────┐
│ ✔  All emulators ready! It is now safe to connect your app. │
│ i  View Emulator UI at http://localhost:4002                │
└─────────────────────────────────────────────────────────────┘

┌───────────┬────────────────┬─────────────────────────────────┐
│ Emulator  │ Host:Port      │ View in Emulator UI             │
├───────────┼────────────────┼─────────────────────────────────┤
│ Functions │ localhost:5001 │ http://localhost:4002/functions │
├───────────┼────────────────┼─────────────────────────────────┤
│ Hosting   │ localhost:5000 │ n/a                             │
└───────────┴────────────────┴─────────────────────────────────┘
  Emulator Hub running at localhost:4400
  Other reserved ports: 4500

Issues? Report them at https://github.com/firebase/firebase-tools/issues and attach the *-debug.log files.
 
[debug] [2021-09-09T17:14:21.474Z] [worker-~diagnostic~-f07437ef-e62a-4e11-ba76-2d62269e973a]: IDLE {"metadata":{"emulator":{"name":"functions"},"message":"[worker-~diagnostic~-f07437ef-e62a-4e11-ba76-2d62269e973a]: IDLE"}}
